app/app/build/outputs/logs/manifest-merger-debug-report.txt
-- Merging decision tree log ---
manifest
ADDED from src\main\AndroidManifest.xml:2:1-368:12
	package
		ADDED from src\main\AndroidManifest.xml:3:5-45
		INJECTED from src\main\AndroidManifest.xml
		INJECTED from src\main\AndroidManifest.xml
	android:versionName
		INJECTED from src\main\AndroidManifest.xml
		INJECTED from src\main\AndroidManifest.xml
	xmlns:android
		ADDED from src\main\AndroidManifest.xml:2:11-69
	android:versionCode
		INJECTED from src\main\AndroidManifest.xml
		INJECTED from src\main\AndroidManifest.xml
uses-permission#android.permission.INTERNET
ADDED from src\main\AndroidManifest.xml:5:5-67
MERGED from [com.google.android.gms:play-services-ads-lite:10.2.1] AndroidManifest.xml:19:5-66
MERGED from [com.google.android.gms:play-services-analytics:10.2.1] AndroidManifest.xml:20:5-66
MERGED from [com.google.android.gms:play-services-appinvite:10.2.1] AndroidManifest.xml:18:5-66
MERGED from [com.google.firebase:firebase-crash:10.2.1] AndroidManifest.xml:18:5-66
MERGED from [com.google.android.gms:play-services-gcm:10.2.1] AndroidManifest.xml:21:5-66
MERGED from [com.google.android.gms:play-services-iid:10.2.1] AndroidManifest.xml:21:5-66
MERGED from [com.google.android.gms:play-services-tagmanager-api:10.2.1] AndroidManifest.xml:20:5-66
MERGED from [com.google.android.gms:play-services-analytics-impl:10.2.1] AndroidManifest.xml:20:5-66
MERGED from [com.google.android.gms:play-services-maps:10.2.1] AndroidManifest.xml:20:5-66
MERGED from [com.google.firebase:firebase-analytics:10.2.1] AndroidManifest.xml:20:5-66
MERGED from [com.google.firebase:firebase-analytics-impl:10.2.1] AndroidManifest.xml:20:5-66
MERGED from [com.google.firebase:firebase-iid:10.2.1] AndroidManifest.xml:20:5-66
	android:name
		ADDED from src\main\AndroidManifest.xml:5:22-64
uses-permission#android.permission.VIBRATE
ADDED from src\main\AndroidManifest.xml:6:5-66
	android:name
		ADDED from src\main\AndroidManifest.xml:6:22-63
uses-permission#android.permission.ACCESS_NETWORK_STATE
ADDED from src\main\AndroidManifest.xml:7:5-79
MERGED from [com.google.android.gms:play-services-ads-lite:10.2.1] AndroidManifest.xml:20:5-78
MERGED from [com.google.android.gms:play-services-analytics:10.2.1] AndroidManifest.xml:21:5-78
MERGED from [com.google.android.gms:play-services-nearby:10.2.1] AndroidManifest.xml:4:5-78
MERGED from [com.google.android.gms:play-services-tagmanager-api:10.2.1] AndroidManifest.xml:21:5-78
MERGED from [com.google.android.gms:play-services-analytics-impl:10.2.1] AndroidManifest.xml:21:5-78
MERGED from [com.google.android.gms:play-services-maps:10.2.1] AndroidManifest.xml:19:5-78
MERGED from [com.google.firebase:firebase-analytics:10.2.1] AndroidManifest.xml:21:5-78
MERGED from [com.google.firebase:firebase-analytics-impl:10.2.1] AndroidManifest.xml:21:5-78
MERGED from [com.google.firebase:firebase-iid:10.2.1] AndroidManifest.xml:19:5-78
	android:name
		ADDED from src\main\AndroidManifest.xml:7:22-76
uses-permission#android.permission.READ_PHONE_STATE
ADDED from src\main\AndroidManifest.xml:8:5-75
	android:name
		ADDED from src\main\AndroidManifest.xml:8:22-72
uses-permission#android.permission.GET_ACCOUNTS
ADDED from src\main\AndroidManifest.xml:9:5-71
	android:name
		ADDED from src\main\AndroidManifest.xml:9:22-68
uses-permission#android.permission.CALL_PHONE
ADDED from src\main\AndroidManifest.xml:10:5-69
	android:name
		ADDED from src\main\AndroidManifest.xml:10:22-66
uses-permission#android.permission.CAMERA
ADDED from src\main\AndroidManifest.xml:11:5-65
MERGED from [com.journeyapps:zxing-android-embedded:3.0.2] AndroidManifest.xml:23:5-65
MERGED from [AT-service:annca:unspecified] AndroidManifest.xml:11:5-65
	android:name
		ADDED from src\main\AndroidManifest.xml:11:22-62
protected-broadcast
ADDED from src\main\AndroidManifest.xml:13:5-79
	android:name
		ADDED from src\main\AndroidManifest.xml:13:26-76
uses-permission#android.permission.RECORD_AUDIO
ADDED from src\main\AndroidManifest.xml:15:5-71
	android:name
		ADDED from src\main\AndroidManifest.xml:15:22-68
uses-permission#android.permission.FLASHLIGHT
ADDED from src\main\AndroidManifest.xml:16:5-69
	android:name
		ADDED from src\main\AndroidManifest.xml:16:22-66
uses-permission#android.permission.WRITE_EXTERNAL_STORAGE
ADDED from src\main\AndroidManifest.xml:17:5-81
	android:name
		ADDED from src\main\AndroidManifest.xml:17:22-78
uses-permission#android.permission.READ_EXTERNAL_STORAGE
ADDED from src\main\AndroidManifest.xml:18:5-80
	android:name
		ADDED from src\main\AndroidManifest.xml:18:22-77
uses-permission#android.permission.RECEIVE_BOOT_COMPLETED
ADDED from src\main\AndroidManifest.xml:19:5-81
	android:name
		ADDED from src\main\AndroidManifest.xml:19:22-78
uses-permission#android.permission.ACCESS_FINE_LOCATION
ADDED from src\main\AndroidManifest.xml:20:5-79
	android:name
		ADDED from src\main\AndroidManifest.xml:20:22-76
uses-permission#android.permission.ACCESS_LOCATION_EXTRA_COMMANDS
ADDED from src\main\AndroidManifest.xml:21:5-89
	android:name
		ADDED from src\main\AndroidManifest.xml:21:22-86
uses-permission#android.permission.READ_LOGS
ADDED from src\main\AndroidManifest.xml:22:5-68
	android:name
		ADDED from src\main\AndroidManifest.xml:22:22-65
uses-feature#android.hardware.camera
ADDED from src\main\AndroidManifest.xml:24:5-26:35
MERGED from [com.journeyapps:zxing-android-embedded:3.0.2] AndroidManifest.xml:26:5-28:36
	android:required
		ADDED from src\main\AndroidManifest.xml:26:9-32
	android:name
		ADDED from src\main\AndroidManifest.xml:25:9-47
application
ADDED from src\main\AndroidManifest.xml:28:5-366:19
MERGED from [com.google.android.gms:play-services:10.2.1] AndroidManifest.xml:5:5-20
MERGED from [com.google.android.gms:play-services-ads-lite:10.2.1] AndroidManifest.xml:23:5-27:19
MERGED from [com.google.android.gms:play-services-analytics:10.2.1] AndroidManifest.xml:26:5-19
MERGED from [com.google.android.gms:play-services-appinvite:10.2.1] AndroidManifest.xml:19:5-26:19
MERGED from [com.google.android.gms:play-services-cast-framework:10.2.1] AndroidManifest.xml:4:5-8:19
MERGED from [com.google.android.gms:play-services-cast:10.2.1] AndroidManifest.xml:18:5-19
MERGED from [com.android.support:mediarouter-v7:24.0.0] AndroidManifest.xml:22:5-20
MERGED from [com.android.support:palette-v7:24.0.0] AndroidManifest.xml:22:5-23:19
MERGED from [com.google.android.gms:play-services-clearcut:10.2.1] AndroidManifest.xml:18:5-19
MERGED from [com.google.firebase:firebase-config:10.2.1] AndroidManifest.xml:18:5-19
MERGED from [com.google.android.gms:play-services-awareness:10.2.1] AndroidManifest.xml:18:5-19
MERGED from [com.google.firebase:firebase-crash:10.2.1] AndroidManifest.xml:22:5-23:19
MERGED from [com.google.android.gms:play-services-fitness:10.2.1] AndroidManifest.xml:18:5-19
MERGED from [com.google.android.gms:play-services-games:10.2.1] AndroidManifest.xml:18:5-19
MERGED from [com.google.android.gms:play-services-drive:10.2.1] AndroidManifest.xml:18:5-19
MERGED from [com.google.android.gms:play-services-gass:10.2.1] AndroidManifest.xml:4:5-19
MERGED from [com.google.android.gms:play-services-gcm:10.2.1] AndroidManifest.xml:23:5-19
MERGED from [com.google.firebase:firebase-appindexing:10.2.1] AndroidManifest.xml:18:5-19
MERGED from [com.google.android.gms:play-services-iid:10.2.1] AndroidManifest.xml:23:5-19
MERGED from [com.google.android.gms:play-services-location:10.2.1] AndroidManifest.xml:4:5-19
MERGED from [com.google.android.gms:play-services-nearby:10.2.1] AndroidManifest.xml:5:5-19
MERGED from [com.google.android.gms:play-services-panorama:10.2.1] AndroidManifest.xml:18:5-19
MERGED from [com.google.android.gms:play-services-places:10.2.1] AndroidManifest.xml:18:5-19
MERGED from [com.google.android.gms:play-services-plus:10.2.1] AndroidManifest.xml:18:5-19
MERGED from [com.google.android.gms:play-services-safetynet:10.2.1] AndroidManifest.xml:18:5-19
MERGED from [com.google.android.gms:play-services-tagmanager-api:10.2.1] AndroidManifest.xml:23:5-33:19
MERGED from [com.google.android.gms:play-services-tagmanager-v4-impl:10.2.1] AndroidManifest.xml:19:5-19
MERGED from [com.google.android.gms:play-services-analytics-impl:10.2.1] AndroidManifest.xml:26:5-19
MERGED from [com.google.android.gms:play-services-identity:10.2.1] AndroidManifest.xml:18:5-19
MERGED from [com.google.android.gms:play-services-maps:10.2.1] AndroidManifest.xml:24:5-19
MERGED from [com.google.android.gms:play-services-wearable:10.2.1] AndroidManifest.xml:18:5-19
MERGED from [com.google.android.gms:play-services-auth:10.2.1] AndroidManifest.xml:19:5-25:19
MERGED from [com.google.android.gms:play-services-vision:10.2.1] AndroidManifest.xml:4:5-19
MERGED from [com.journeyapps:zxing-android-embedded:3.0.2] AndroidManifest.xml:47:5-55:19
MERGED from [de.hdodenhof:circleimageview:1.3.0] AndroidManifest.xml:9:5-20
MERGED from [com.android.support:cardview-v7:25.3.1] AndroidManifest.xml:26:5-20
MERGED from [com.google.firebase:firebase-auth:10.2.1] AndroidManifest.xml:19:5-20:19
MERGED from [com.google.android.gms:play-services-base:10.2.1] AndroidManifest.xml:18:5-20:19
MERGED from [com.google.firebase:firebase-messaging:10.2.1] AndroidManifest.xml:19:5-29:19
MERGED from [me.himanshusoni.chatmessageview:chat-message-view:1.0.3] AndroidManifest.xml:11:5-14:19
MERGED from [com.afollestad.material-dialogs:core:0.9.3.0] AndroidManifest.xml:13:5-20
MERGED from [com.android.support:support-v13:25.1.1] AndroidManifest.xml:25:5-20
MERGED from [AT-service:calendar:unspecified] AndroidManifest.xml:11:5-15:19
MERGED from [AT-service:menuswipe:unspecified] AndroidManifest.xml:11:5-15:19
MERGED from [AT-service:menuchat:unspecified] AndroidManifest.xml:11:5-15:19
MERGED from [AT-service:annca:unspecified] AndroidManifest.xml:13:5-16:19
MERGED from [AT-service:libraryvideo:unspecified] AndroidManifest.xml:11:5-14:19
MERGED from [com.android.support:design:25.3.1] AndroidManifest.xml:29:5-20
MERGED from [com.android.support:transition:25.3.1] AndroidManifest.xml:26:5-20
MERGED from [org.adw.library:discrete-seekbar:1.0.1] AndroidManifest.xml:27:5-28:19
MERGED from [com.devbrackets.android:exomedia:3.0.1] AndroidManifest.xml:12:5-20
MERGED from [com.android.support:appcompat-v7:25.3.1] AndroidManifest.xml:29:5-20
MERGED from [com.android.support:animated-vector-drawable:25.3.1] AndroidManifest.xml:26:5-20
MERGED from [com.android.support:support-vector-drawable:25.3.1] AndroidManifest.xml:26:5-20
MERGED from [com.google.firebase:firebase-core:10.2.1] AndroidManifest.xml:5:5-20
MERGED from [com.google.firebase:firebase-analytics:10.2.1] AndroidManifest.xml:24:5-33:19
MERGED from [com.google.firebase:firebase-analytics-impl:10.2.1] AndroidManifest.xml:24:5-28:19
MERGED from [com.google.firebase:firebase-iid:10.2.1] AndroidManifest.xml:28:5-49:19
MERGED from [com.google.firebase:firebase-common:10.2.1] AndroidManifest.xml:4:5-7:19
MERGED from [com.google.android.gms:play-services-tasks:10.2.1] AndroidManifest.xml:4:5-19
MERGED from [com.google.android.gms:play-services-basement:10.2.1] AndroidManifest.xml:19:5-21:19
MERGED from [com.android.support:support-v4:25.3.1] AndroidManifest.xml:29:5-20
MERGED from [com.android.support:support-fragment:25.3.1] AndroidManifest.xml:29:5-20
MERGED from [com.android.support:support-media-compat:25.3.1] AndroidManifest.xml:29:5-20
MERGED from [com.android.support:support-core-ui:25.3.1] AndroidManifest.xml:29:5-20
MERGED from [com.android.support:support-core-utils:25.3.1] AndroidManifest.xml:29:5-20
MERGED from [com.android.support:support-compat:25.3.1] AndroidManifest.xml:29:5-20
	android:label
		ADDED from src\main\AndroidManifest.xml:33:9-41
	android:supportsRtl
		ADDED from [AT-service:calendar:unspecified] AndroidManifest.xml:14:9-35
	android:hardwareAccelerated
		ADDED from src\main\AndroidManifest.xml:31:9-43
	android:allowBackup
		ADDED from src\main\AndroidManifest.xml:30:9-35
	android:icon
		ADDED from src\main\AndroidManifest.xml:32:9-44
	android:theme
		ADDED from src\main\AndroidManifest.xml:34:9-40
	android:name
		ADDED from src\main\AndroidManifest.xml:29:9-68
activity#com.example.devolucionmaterial.MainActivity
ADDED from src\main\AndroidManifest.xml:35:9-44:20
	android:screenOrientation
		ADDED from src\main\AndroidManifest.xml:38:13-49
	android:label
		ADDED from src\main\AndroidManifest.xml:37:13-45
	android:name
		ADDED from src\main\AndroidManifest.xml:36:13-41
intent-filter#android.intent.action.MAIN+android.intent.category.LAUNCHER
ADDED from src\main\AndroidManifest.xml:39:13-43:29
action#android.intent.action.MAIN
ADDED from src\main\AndroidManifest.xml:40:17-69
	android:name
		ADDED from src\main\AndroidManifest.xml:40:25-66
category#android.intent.category.LAUNCHER
ADDED from src\main\AndroidManifest.xml:42:17-77
	android:name
		ADDED from src\main\AndroidManifest.xml:42:27-74
activity#com.example.devolucionmaterial.activitys.AnuncioDelDia
ADDED from src\main\AndroidManifest.xml:45:9-49:48
	android:screenOrientation
		ADDED from src\main\AndroidManifest.xml:48:13-49
	android:label
		ADDED from src\main\AndroidManifest.xml:47:13-67
	android:theme
		ADDED from src\main\AndroidManifest.xml:49:13-45
	android:name
		ADDED from src\main\AndroidManifest.xml:46:13-52
activity#com.example.devolucionmaterial.activitys.materialesSeccion.Registro
ADDED from src\main\AndroidManifest.xml:50:9-53:52
	android:screenOrientation
		ADDED from src\main\AndroidManifest.xml:53:13-49
	android:label
		ADDED from src\main\AndroidManifest.xml:52:13-60
	android:name
		ADDED from src\main\AndroidManifest.xml:51:13-37
activity#com.example.devolucionmaterial.activitys.materialesSeccion.Menu_Devolucion
ADDED from src\main\AndroidManifest.xml:54:9-57:52
	android:screenOrientation
		ADDED from src\main\AndroidManifest.xml:57:13-49
	android:label
		ADDED from src\main\AndroidManifest.xml:56:13-68
	android:name
		ADDED from src\main\AndroidManifest.xml:55:13-44
activity#com.example.devolucionmaterial.activitys.MenuInicial
ADDED from src\main\AndroidManifest.xml:58:9-61:52
	android:screenOrientation
		ADDED from src\main\AndroidManifest.xml:61:13-49
	android:label
		ADDED from src\main\AndroidManifest.xml:60:13-54
	android:name
		ADDED from src\main\AndroidManifest.xml:59:13-50
activity#com.example.devolucionmaterial.MenuInicialComercial
ADDED from src\main\AndroidManifest.xml:62:9-65:52
	android:screenOrientation
		ADDED from src\main\AndroidManifest.xml:65:13-49
	android:label
		ADDED from src\main\AndroidManifest.xml:64:13-58
	android:name
		ADDED from src\main\AndroidManifest.xml:63:13-49
activity#com.example.devolucionmaterial.activitys.materialesSeccion.Lista_Devolucion
ADDED from src\main\AndroidManifest.xml:66:9-69:52
	android:screenOrientation
		ADDED from src\main\AndroidManifest.xml:69:13-49
	android:label
		ADDED from src\main\AndroidManifest.xml:68:13-69
	android:name
		ADDED from src\main\AndroidManifest.xml:67:13-45
activity#com.example.devolucionmaterial.MenuInicialTecnico
ADDED from src\main\AndroidManifest.xml:70:9-73:52
	android:screenOrientation
		ADDED from src\main\AndroidManifest.xml:73:13-49
	android:label
		ADDED from src\main\AndroidManifest.xml:72:13-64
	android:name
		ADDED from src\main\AndroidManifest.xml:71:13-47
activity#com.example.devolucionmaterial.activitys.materialesSeccion.ReporteDeDevoluciones1
ADDED from src\main\AndroidManifest.xml:74:9-77:52
	android:screenOrientation
		ADDED from src\main\AndroidManifest.xml:77:13-49
	android:label
		ADDED from src\main\AndroidManifest.xml:76:13-64
	android:name
		ADDED from src\main\AndroidManifest.xml:75:13-51
activity#com.example.devolucionmaterial.activitys.materialesSeccion.DevolucionesEnviadas
ADDED from src\main\AndroidManifest.xml:78:9-81:52
	android:screenOrientation
		ADDED from src\main\AndroidManifest.xml:81:13-49
	android:label
		ADDED from src\main\AndroidManifest.xml:80:13-63
	android:name
		ADDED from src\main\AndroidManifest.xml:79:13-49
activity#com.example.devolucionmaterial.RegistroDeMemorias
ADDED from src\main\AndroidManifest.xml:82:9-85:52
	android:screenOrientation
		ADDED from src\main\AndroidManifest.xml:85:13-49
	android:label
		ADDED from src\main\AndroidManifest.xml:84:13-60
	android:name
		ADDED from src\main\AndroidManifest.xml:83:13-47
activity#com.example.devolucionmaterial.activitys.VistaMLeme
ADDED from src\main\AndroidManifest.xml:86:9-89:52
	android:screenOrientation
		ADDED from src\main\AndroidManifest.xml:89:13-49
	android:label
		ADDED from src\main\AndroidManifest.xml:88:13-53
	android:name
		ADDED from src\main\AndroidManifest.xml:87:13-49
activity#com.example.devolucionmaterial.activitys.materialesSeccion.DevolucionesMemorias
ADDED from src\main\AndroidManifest.xml:90:9-93:52
	android:screenOrientation
		ADDED from src\main\AndroidManifest.xml:93:13-49
	android:label
		ADDED from src\main\AndroidManifest.xml:92:13-62
	android:name
		ADDED from src\main\AndroidManifest.xml:91:13-49
activity#com.example.devolucionmaterial.activitys.foliosPendientesSeccion.ReporteFolioPendiente
ADDED from src\main\AndroidManifest.xml:94:9-97:52
	android:screenOrientation
		ADDED from src\main\AndroidManifest.xml:97:13-49
	android:label
		ADDED from src\main\AndroidManifest.xml:96:13-66
	android:name
		ADDED from src\main\AndroidManifest.xml:95:13-50
activity#com.example.devolucionmaterial.EstatusIncidencia
ADDED from src\main\AndroidManifest.xml:98:9-101:52
	android:screenOrientation
		ADDED from src\main\AndroidManifest.xml:101:13-49
	android:label
		ADDED from src\main\AndroidManifest.xml:100:13-61
	android:name
		ADDED from src\main\AndroidManifest.xml:99:13-46
activity#com.example.devolucionmaterial.activitys.foliosPendientesSeccion.SalasPorRegion
ADDED from src\main\AndroidManifest.xml:102:9-105:52
	android:screenOrientation
		ADDED from src\main\AndroidManifest.xml:105:13-49
	android:label
		ADDED from src\main\AndroidManifest.xml:104:13-57
	android:name
		ADDED from src\main\AndroidManifest.xml:103:13-43
activity#com.example.devolucionmaterial.activitys.foliosPendientesSeccion.FoliosPorSala
ADDED from src\main\AndroidManifest.xml:106:9-109:52
	android:screenOrientation
		ADDED from src\main\AndroidManifest.xml:109:13-49
	android:label
		ADDED from src\main\AndroidManifest.xml:108:13-58
	android:name
		ADDED from src\main\AndroidManifest.xml:107:13-42
activity#com.example.devolucionmaterial.activitys.foliosPendientesSeccion.FoliosPendientes
ADDED from src\main\AndroidManifest.xml:110:9-113:52
	android:screenOrientation
		ADDED from src\main\AndroidManifest.xml:113:13-49
	android:label
		ADDED from src\main\AndroidManifest.xml:112:13-60
	android:name
		ADDED from src\main\AndroidManifest.xml:111:13-45
activity#com.example.devolucionmaterial.ReporteFolioPendienteSala
ADDED from src\main\AndroidManifest.xml:114:9-117:52
	android:screenOrientation
		ADDED from src\main\AndroidManifest.xml:117:13-49
	android:label
		ADDED from src\main\AndroidManifest.xml:116:13-63
	android:name
		ADDED from src\main\AndroidManifest.xml:115:13-54
activity#com.example.devolucionmaterial.activitys.pedidosSeccion.PedidosPorIncidencia
ADDED from src\main\AndroidManifest.xml:118:9-121:52
	android:screenOrientation
		ADDED from src\main\AndroidManifest.xml:121:13-49
	android:label
		ADDED from src\main\AndroidManifest.xml:120:13-65
	android:name
		ADDED from src\main\AndroidManifest.xml:119:13-49
activity#com.example.devolucionmaterial.PedidosDeIncidencia
ADDED from src\main\AndroidManifest.xml:122:9-125:52
	android:screenOrientation
		ADDED from src\main\AndroidManifest.xml:125:13-49
	android:label
		ADDED from src\main\AndroidManifest.xml:124:13-64
	android:name
		ADDED from src\main\AndroidManifest.xml:123:13-48
activity#com.example.devolucionmaterial.activitys.pedidosSeccion.ListaDeSalasPedidos
ADDED from src\main\AndroidManifest.xml:126:9-129:52
	android:screenOrientation
		ADDED from src\main\AndroidManifest.xml:129:13-49
	android:label
		ADDED from src\main\AndroidManifest.xml:128:13-65
	android:name
		ADDED from src\main\AndroidManifest.xml:127:13-48
activity#com.example.devolucionmaterial.IncidenciasDeSala
ADDED from src\main\AndroidManifest.xml:130:9-133:52
	android:screenOrientation
		ADDED from src\main\AndroidManifest.xml:133:13-49
	android:label
		ADDED from src\main\AndroidManifest.xml:132:13-62
	android:name
		ADDED from src\main\AndroidManifest.xml:131:13-46
activity#com.example.devolucionmaterial.PedidosDeSala
ADDED from src\main\AndroidManifest.xml:134:9-137:52
	android:screenOrientation
		ADDED from src\main\AndroidManifest.xml:137:13-49
	android:label
		ADDED from src\main\AndroidManifest.xml:136:13-58
	android:name
		ADDED from src\main\AndroidManifest.xml:135:13-42
activity#com.example.devolucionmaterial.activitys.pedidosSeccion.ListaDePiezasDePedido
ADDED from src\main\AndroidManifest.xml:138:9-141:52
	android:screenOrientation
		ADDED from src\main\AndroidManifest.xml:141:13-49
	android:label
		ADDED from src\main\AndroidManifest.xml:140:13-65
	android:name
		ADDED from src\main\AndroidManifest.xml:139:13-50
activity#com.example.devolucionmaterial.AdeudoDeMaterial
ADDED from src\main\AndroidManifest.xml:142:9-145:52
	android:screenOrientation
		ADDED from src\main\AndroidManifest.xml:145:13-49
	android:label
		ADDED from src\main\AndroidManifest.xml:144:13-61
	android:name
		ADDED from src\main\AndroidManifest.xml:143:13-45
activity#com.example.devolucionmaterial.activitys.osSeccion.ListaOSAsignadas
ADDED from src\main\AndroidManifest.xml:146:9-149:52
	android:screenOrientation
		ADDED from src\main\AndroidManifest.xml:149:13-49
	android:label
		ADDED from src\main\AndroidManifest.xml:148:13-55
	android:name
		ADDED from src\main\AndroidManifest.xml:147:13-45
activity#com.example.devolucionmaterial.activitys.osSeccion.ReporteActividadOS
ADDED from src\main\AndroidManifest.xml:150:9-153:52
	android:screenOrientation
		ADDED from src\main\AndroidManifest.xml:153:13-49
	android:label
		ADDED from src\main\AndroidManifest.xml:152:13-53
	android:name
		ADDED from src\main\AndroidManifest.xml:151:13-47
activity#com.example.devolucionmaterial.EdicionRegistroMaterial
ADDED from src\main\AndroidManifest.xml:154:9-158:59
	android:screenOrientation
		ADDED from src\main\AndroidManifest.xml:157:13-49
	android:label
		ADDED from src\main\AndroidManifest.xml:156:13-79
	android:theme
		ADDED from src\main\AndroidManifest.xml:158:13-56
	android:name
		ADDED from src\main\AndroidManifest.xml:155:13-52
activity#com.example.devolucionmaterial.dialogs.DialogoBusquedaTecnicoBaja
ADDED from src\main\AndroidManifest.xml:159:9-163:59
	android:screenOrientation
		ADDED from src\main\AndroidManifest.xml:162:13-49
	android:label
		ADDED from src\main\AndroidManifest.xml:161:13-67
	android:theme
		ADDED from src\main\AndroidManifest.xml:163:13-56
	android:name
		ADDED from src\main\AndroidManifest.xml:160:13-63
activity#com.example.devolucionmaterial.dialogs.Estatus
ADDED from src\main\AndroidManifest.xml:164:9-168:59
	android:screenOrientation
		ADDED from src\main\AndroidManifest.xml:167:13-49
	android:label
		ADDED from src\main\AndroidManifest.xml:166:13-50
	android:theme
		ADDED from src\main\AndroidManifest.xml:168:13-56
	android:name
		ADDED from src\main\AndroidManifest.xml:165:13-44
activity#com.example.devolucionmaterial.dialogs.DialogoOpcionesEstEnServ
ADDED from src\main\AndroidManifest.xml:169:9-173:59
	android:screenOrientation
		ADDED from src\main\AndroidManifest.xml:172:13-49
	android:label
		ADDED from src\main\AndroidManifest.xml:171:13-63
	android:theme
		ADDED from src\main\AndroidManifest.xml:173:13-56
	android:name
		ADDED from src\main\AndroidManifest.xml:170:13-61
service#com.example.devolucionmaterial.services.FolioAsignadoService
ADDED from src\main\AndroidManifest.xml:175:9-184:19
	android:enabled
		ADDED from src\main\AndroidManifest.xml:177:13-35
	android:exported
		ADDED from src\main\AndroidManifest.xml:178:13-36
	android:permission
		ADDED from src\main\AndroidManifest.xml:179:13-34
	android:persistent
		ADDED from src\main\AndroidManifest.xml:180:13-38
	android:name
		ADDED from src\main\AndroidManifest.xml:176:13-58
intent-filter#com.example.devolucionmaterial.FolioAsignadoService
ADDED from src\main\AndroidManifest.xml:181:13-183:29
action#com.example.devolucionmaterial.FolioAsignadoService
ADDED from src\main\AndroidManifest.xml:182:17-94
	android:name
		ADDED from src\main\AndroidManifest.xml:182:25-91
service#com.example.devolucionmaterial.data_base.ControlTotalLocalxRemoto
ADDED from src\main\AndroidManifest.xml:185:9-187:40
	android:exported
		ADDED from src\main\AndroidManifest.xml:187:13-37
	android:name
		ADDED from src\main\AndroidManifest.xml:186:13-63
service#com.example.devolucionmaterial.data_base.ActualizaBDcrefacciones
ADDED from src\main\AndroidManifest.xml:188:9-190:40
	android:exported
		ADDED from src\main\AndroidManifest.xml:190:13-37
	android:name
		ADDED from src\main\AndroidManifest.xml:189:13-62
service#com.example.devolucionmaterial.data_base.ActualizaBDcsala
ADDED from src\main\AndroidManifest.xml:191:9-193:40
	android:exported
		ADDED from src\main\AndroidManifest.xml:193:13-37
	android:name
		ADDED from src\main\AndroidManifest.xml:192:13-55
service#com.example.devolucionmaterial.data_base.ActualizaBDcestatus
ADDED from src\main\AndroidManifest.xml:194:9-196:40
	android:exported
		ADDED from src\main\AndroidManifest.xml:196:13-37
	android:name
		ADDED from src\main\AndroidManifest.xml:195:13-58
activity#com.example.devolucionmaterial.MuestraSoloImagen
ADDED from src\main\AndroidManifest.xml:198:9-201:52
	android:screenOrientation
		ADDED from src\main\AndroidManifest.xml:200:13-49
	android:theme
		ADDED from src\main\AndroidManifest.xml:201:13-49
	android:name
		ADDED from src\main\AndroidManifest.xml:199:13-46
activity#com.example.devolucionmaterial.activitys.osSeccion.VerGaleriaOS
ADDED from src\main\AndroidManifest.xml:202:9-204:52
	android:screenOrientation
		ADDED from src\main\AndroidManifest.xml:204:13-49
	android:name
		ADDED from src\main\AndroidManifest.xml:203:13-51
service#com.example.devolucionmaterial.data_base.ActualizaBDestatusDevMaterial
ADDED from src\main\AndroidManifest.xml:206:9-208:40
	android:exported
		ADDED from src\main\AndroidManifest.xml:208:13-37
	android:name
		ADDED from src\main\AndroidManifest.xml:207:13-68
receiver#com.example.devolucionmaterial.services.ServiceBoot
ADDED from src\main\AndroidManifest.xml:211:9-221:20
	android:enabled
		ADDED from src\main\AndroidManifest.xml:213:13-35
	android:exported
		ADDED from src\main\AndroidManifest.xml:214:13-36
	android:persistent
		ADDED from src\main\AndroidManifest.xml:215:13-38
	android:name
		ADDED from src\main\AndroidManifest.xml:212:13-49
intent-filter#android.intent.action.BOOT_COMPLETED+android.intent.category.HOME
ADDED from src\main\AndroidManifest.xml:216:13-220:29
	android:priority
		ADDED from src\main\AndroidManifest.xml:216:28-51
action#android.intent.action.BOOT_COMPLETED
ADDED from src\main\AndroidManifest.xml:217:17-79
	android:name
		ADDED from src\main\AndroidManifest.xml:217:25-76
category#android.intent.category.HOME
ADDED from src\main\AndroidManifest.xml:219:17-73
	android:name
		ADDED from src\main\AndroidManifest.xml:219:27-70
activity#com.example.devolucionmaterial.internet.MuestraAyuda
ADDED from src\main\AndroidManifest.xml:223:9-59
	android:name
		ADDED from src\main\AndroidManifest.xml:223:19-56
activity#com.example.devolucionmaterial.activitys.SolicitudMaterialActivity
ADDED from src\main\AndroidManifest.xml:224:9-226:52
	android:screenOrientation
		ADDED from src\main\AndroidManifest.xml:226:13-49
	android:name
		ADDED from src\main\AndroidManifest.xml:225:13-64
service#com.example.devolucionmaterial.firebase.MyFirebaseMessagingService
ADDED from src\main\AndroidManifest.xml:228:9-232:19
	android:name
		ADDED from src\main\AndroidManifest.xml:228:18-69
intent-filter#com.google.firebase.MESSAGING_EVENT
ADDED from src\main\AndroidManifest.xml:229:13-231:29
action#com.google.firebase.MESSAGING_EVENT
ADDED from src\main\AndroidManifest.xml:230:17-78
	android:name
		ADDED from src\main\AndroidManifest.xml:230:25-75
service#com.example.devolucionmaterial.firebase.MyFirebaseInstanceIdService
ADDED from src\main\AndroidManifest.xml:233:9-239:19
	android:exported
		ADDED from src\main\AndroidManifest.xml:235:13-36
	android:name
		ADDED from src\main\AndroidManifest.xml:234:13-65
intent-filter#com.google.firebase.INSTANCE_ID_EVENT
ADDED from src\main\AndroidManifest.xml:236:13-238:29
action#com.google.firebase.INSTANCE_ID_EVENT
ADDED from src\main\AndroidManifest.xml:237:17-80
	android:name
		ADDED from src\main\AndroidManifest.xml:237:25-77
activity#com.example.devolucionmaterial.firebase.SolicitudMaterialDetallesNotificacion
ADDED from src\main\AndroidManifest.xml:241:9-243:52
	android:screenOrientation
		ADDED from src\main\AndroidManifest.xml:243:13-49
	android:name
		ADDED from src\main\AndroidManifest.xml:242:13-75
service#com.example.devolucionmaterial.firebase.RastreoService
ADDED from src\main\AndroidManifest.xml:245:9-252:19
	android:enabled
		ADDED from src\main\AndroidManifest.xml:247:13-35
	android:exported
		ADDED from src\main\AndroidManifest.xml:248:13-36
	android:name
		ADDED from src\main\AndroidManifest.xml:246:13-52
intent-filter#com.example.devolucionmaterial.firebase.RastreoService
ADDED from src\main\AndroidManifest.xml:249:13-251:29
action#com.example.devolucionmaterial.firebase.RastreoService
ADDED from src\main\AndroidManifest.xml:250:17-97
	android:name
		ADDED from src\main\AndroidManifest.xml:250:25-94
activity#com.example.devolucionmaterial.chat.activitys.LoginChatActity
ADDED from src\main\AndroidManifest.xml:254:9-259:62
	android:hardwareAccelerated
		ADDED from src\main\AndroidManifest.xml:257:13-47
	android:windowSoftInputMode
		ADDED from src\main\AndroidManifest.xml:259:13-60
	android:configChanges
		ADDED from src\main\AndroidManifest.xml:256:13-81
	android:theme
		ADDED from src\main\AndroidManifest.xml:258:13-51
	android:name
		ADDED from src\main\AndroidManifest.xml:255:13-59